 >>> Muon Broken Channels: run 19978, calibration run 19969, HV info run 19976
   lg   peak  sigma tm_off tm_sig drk_ns hv_set hv_mon   reason(s)
 3030   21.4    0.0    0.0    0.0   0.00   1445   1445 : DEAD_IN_NU :
 3034   20.5    6.4   10.1    2.3   0.12   1197   1197 : BAD_TIMING :
 3036   22.5    7.1    9.2    2.2   0.06   1378   1378 : LOW_EFF_NU :
 3040   33.0   12.3    7.4    2.3   0.37   1566   1565 : HIGH_CHARGE :
 3043   21.4    6.1   14.7    2.1   0.08   1280   1280 : BAD_TIMING :
 3044   21.7    8.5   10.9    2.3   0.29   1385   1385 : BAD_TIMING :
 3051   29.6   14.5   -0.9    2.4   0.21   1398   1398 : BAD_SHAPE :
 3055   21.4    0.0    0.0    0.0   0.00   1590   1590 : DEAD_IN_NU :
 3074   21.4    0.0    0.0    0.0   0.01   1330   1330 : DEAD_IN_NU :
 3075   21.4    0.0    0.0    0.0   0.00   1475   1474 : DEAD_IN_NU :
 3080   19.9    7.1   10.3    3.0   0.38   1429   1427 : BAD_TIMING :
 3100   26.4   13.8   10.4    3.2   0.13   1320   1320 : BAD_SHAPE : BAD_TIMING :
 3137   21.4    0.0    0.0    0.0   0.00   1595    979 : DEAD_IN_NU : BAD_HV :
 3146   25.4    5.9   10.8    2.4   0.31   1163   1163 : BAD_TIMING :
 3152   33.4   11.6   -5.4    2.3   0.40   1314   1314 : HIGH_CHARGE :
 3182   21.4    0.0    0.0    0.0   0.00   1448    950 : DEAD_IN_NU : BAD_HV :
 3184   32.1    9.2   -4.6    2.3   1.13   1372   1372 : HIGH_CHARGE :
 3204    8.3    4.2    1.5    3.1   0.45   1393   1393 : BAD_TIMING :
 3211   21.4    0.0    0.0    0.0   0.00   1432    965 : DEAD_IN_NU : BAD_HV :
 total: 19
 dump completed.
 >>> Laben Broken Channels: run 19978, calibration run 19969, HV info run 19976
   lg   peak  sigma   mean    rms tm_off tm_sig drk_ns hv_set hv_mon   reason(s)
   11   16.5   12.4   23.8   11.1    2.4    3.7   0.02   1430   1430 : LOW_CHARGE :
   52   26.0    0.0   28.2    0.0    4.0    1.8   0.00   1450   1241 : DEAD_IN_NU : BAD_HV :
   72   18.0   11.6   24.5   11.9   -0.9    1.8   0.07   1550   1549 : LOW_CHARGE :
  122   18.1    8.8   20.6    8.4    0.5    1.8   0.07   1514   1514 : LOW_CHARGE :
  130   26.0    0.0   28.2    0.0    0.0    0.0  -1.00     50    981 : PRECALIB :
  175   26.0    0.0   28.2    0.0    3.8    1.7   0.00   1280   1280 : DEAD_IN_NU :
  233   18.7   21.7   37.2   21.6   -3.1    1.8   0.10   1535   1536 : BAD_SHAPE : LOW_CHARGE :
  276   43.2   28.1   43.2   28.1   -0.9    1.9   0.25   1512   1511 : HIGH_GAIN : HOT_IN_NU : HIGH_CHARGE :
  306   24.9   11.1   26.3   12.3    0.3    1.9   0.99   1365   1364 : LOW_GAIN :
  322   26.0    0.0   28.2    0.0    2.0    1.7   0.00   1353   1353 : DEAD_IN_NU :
  351   26.0    0.0   28.2    0.0   -0.6    1.7   0.07   1528   1529 : LOW_GAIN :
  366   26.0    0.0   28.2    0.0    8.3    3.3   0.00   1191   1024 : DEAD_IN_NU : BAD_HV :
  371   22.0   11.6   25.4   11.4   -0.2    1.9   0.06   1519   1506 : BAD_HV :
  374   26.0    0.0   28.2    0.0   -0.7    1.7   0.00   1710   1711 : DEAD_IN_NU :
  397   24.3   11.9   26.7   11.9   -4.5    1.7   0.07   1761   1740 : BAD_HV :
  416   26.0    0.0   28.2    0.0    1.4    2.1   0.00   1446   1000 : DEAD_IN_NU : BAD_HV :
  448   26.0    0.0   28.2    0.0   -5.3    1.8   0.08   1708   1708 : LOW_GAIN :
  465   26.0    0.0   28.2    0.0    0.7    1.7   0.00   1398   1399 : DEAD_IN_NU :
  485   10.8    9.4   10.8    9.4    2.7    1.9   1.06   1430   1429 : LOW_GAIN : LOW_CHARGE :
  505   14.4   11.7   19.8    9.1   -0.2    1.8   0.05   1530   1530 : LOW_CHARGE :
  515   27.0   15.6   37.1   25.9   -0.4    1.8   8.01   1497   1498 : BAD_SHAPE :
  604   26.0    0.0   28.2    0.0    0.0    0.0  -1.00   1433   1432 : PRECALIB :
  614   26.0    0.0   28.2    0.0   -0.2    1.7   0.05   1523   1522 : LOW_GAIN :
  644   22.9   12.8   33.6   17.5    0.5    2.0   0.05   1455   1455 : BAD_SHAPE :
  651   25.4   11.2   35.5   27.6   -2.8    1.8   3.09   1591   1591 : BAD_SHAPE :
  654   26.0    0.0   28.2    0.0   -0.2    1.6   0.39   1518   1518 : DEAD_IN_NU :
  676   26.0    0.0   28.2    0.0    5.3    1.4   0.00   1318   1318 : DEAD_IN_NU :
  682   12.3    4.1   12.3    4.1    0.8    1.7   0.04   1450   1450 : LOW_CHARGE :
  683   14.2    4.9   14.2    4.9   -1.7    1.9   0.07   1500   1500 : LOW_CHARGE :
  719   26.0    0.0   28.2    0.0    0.0    0.0  -1.00   1580   1060 : BAD_HV :
  792   15.5    8.9   20.0   10.0    1.4    1.9   0.21   1600   1600 : LOW_CHARGE :
  855   26.0    0.0   28.2    0.0    1.3    2.0   0.00   1412   1413 : DEAD_IN_NU :
  870   22.1   17.6   35.7   20.0   -0.2    2.1   0.05   1520   1520 : BAD_SHAPE :
  902   26.0    0.0   28.2    0.0   -1.0    1.9   0.00   1410   1409 : PRECALIB :
  979   21.8   17.2   35.1   19.2    1.6    2.0   0.29   1345   1346 : BAD_SHAPE :
  984   26.0    0.0   28.2    0.0   -0.4    2.1   0.00   1482   1483 : DEAD_IN_NU :
  985   13.6    4.9   13.6    4.9   -3.2    2.3   0.04   1585   1585 : LOW_CHARGE :
  998   30.9   11.5   32.3   13.0    2.7    2.0   0.30   1330   1330 : HIGH_CHARGE :
 1016    6.4    1.8    6.4    1.8   -2.3    1.8   9.04   1611   1611 : LOW_GAIN : LOW_CHARGE :
 1027   16.1    7.0   18.0    9.1   -6.9    1.6   0.17   1900   1900 : LOW_CHARGE :
 1037   17.3   14.0   17.3   14.0    1.4    3.6   4.76   1445   1446 : LOW_CHARGE :
 1055   26.0    0.0   28.2    0.0    0.5    2.0   0.00   1418   1419 : DEAD_IN_NU :
 1063   13.7    7.0   18.7    8.4    6.2    1.8   0.05   1359   1359 : LOW_CHARGE :
 1100   26.0    0.0   28.2    0.0    2.8    2.2   0.28   1363   1363 : DEAD_IN_NU :
 1119   25.2   29.5   40.8   22.6   -0.7    2.0   0.07   1467   1467 : BAD_SHAPE :
 1153   24.8   17.1   35.5   26.8    0.9    1.8   3.37   1459   1459 : BAD_SHAPE :
 1167   26.0    0.0   28.2    0.0    4.2    1.7   0.05   1237   1238 : LOW_GAIN :
 1190   62.7   25.0   60.8   28.8   -0.1    4.3   0.12   1630   1631 : HIGH_GAIN : HIGH_CHARGE :
 1223   17.4    9.2   19.9    7.9    1.5    1.7   0.05   1391   1391 : LOW_CHARGE :
 1306   26.0    0.0   28.2    0.0    4.8    1.9   0.00   1250   1251 : PRECALIB :
 1323   19.6    8.0   21.0   11.3   -6.3    1.8   0.10   1880   1880 : LOW_CHARGE :
 1326   24.0   13.6   34.4   17.2   -1.1    1.8   0.04   1504   1504 : BAD_SHAPE :
 1347   17.9    7.4   17.9    7.4    0.4    1.8   0.07   1515   1515 : LOW_CHARGE :
 1353   27.0   11.9   25.8   14.5   -1.6    1.8   0.06   1464   1464 : HOT_IN_NU :
 1359   26.9   11.3   25.6   14.2   -3.5    1.8   0.77   1554   1554 : HOT_IN_NU :
 1361   26.3   10.5   24.2   14.5   -6.0    1.7   0.39   1743   1743 : HOT_IN_NU :
 1363   25.4    9.8   23.5   12.0   -2.8    1.7   0.07   1610   1610 : HOT_IN_NU :
 1365   19.0    7.8   21.0    9.1    5.3    1.8   0.07   1265   1265 : LOW_GAIN : HOT_IN_NU : LOW_CHARGE :
 1367   21.5    9.6   26.8   14.2    0.0    2.9   0.05   1448   1448 : LOW_GAIN : HOT_IN_NU :
 1369   26.0    0.0   28.2    0.0    2.4    2.4   0.24   1350   1941 : PRECALIB : BAD_HV :
 1402   26.0   14.6   37.7   20.0   -2.7    1.8   0.06   1527   1527 : BAD_SHAPE :
 1482   23.2   13.3   33.7   16.0    1.3    1.9   0.10   1381   1380 : BAD_SHAPE :
 1531   16.1   14.7   16.1   14.7   -0.3    1.5   8.34   1440   1440 : LOW_CHARGE :
 1537   26.0    0.0   28.2    0.0    2.2    1.6   0.00   1565   1126 : DEAD_IN_NU : BAD_HV :
 1583   23.7    9.9   43.0   38.3    0.9    1.8  12.99   1440   1440 : HIGH_GAIN : BAD_SHAPE :
 1619   12.3    5.0   14.3    4.8    4.2    2.1   0.05   1415   1415 : LOW_CHARGE :
 1693   26.0    0.0   28.2    0.0    2.0    3.3   0.00   1350   1349 : DEAD_IN_NU :
 1762   23.3   17.8   35.8   18.7   -4.0    1.9   0.05   1587   1587 : BAD_SHAPE :
 1769   26.0    0.0   28.2    0.0    5.0    1.7   0.10   1169   1169 : PRECALIB :
 1786   26.0    0.0   28.2    0.0   -3.7    2.0   6.08   1598   1598 : PRECALIB :
 1821   18.5    8.0   20.3    8.1    0.1    2.0   0.04   1468   1469 : LOW_CHARGE :
 1853   26.0    0.0   28.2    0.0    2.5    2.5   0.00   1360   1360 : DEAD_IN_NU :
 1890   26.0    0.0   28.2    0.0   -3.6    1.8   0.00   1683   1684 : DEAD_IN_NU :
 1909   26.0    0.0   28.2    0.0    4.7    2.3   0.00   1460   1461 : DEAD_IN_NU :
 1925   26.0    0.0   28.2    0.0   -0.8    1.8   0.00   1555   1556 : DEAD_IN_NU :
 2022   26.0    0.0   28.2    0.0    0.5    1.8   0.07   1366   1366 : LOW_GAIN :
 2071   20.9    9.9   32.6   17.0    3.5    1.9   0.12   1290   1290 : BAD_SHAPE :
 total: 77
 >>> Laben Broken Channels: run 19978, calibration run 19969, HV info run 19976
   lg   peak  sigma   mean    rms tm_off tm_sig drk_ns hv_set hv_mon   reason(s)
   11   16.5   12.4   23.8   11.1    2.4    3.7   0.02   1430   1430 : LOW_CHARGE :
   52   26.0    0.0   28.2    0.0    4.0    1.8   0.00   1450   1241 : DEAD_IN_NU : BAD_HV :
   72   18.0   11.6   24.5   11.9   -0.9    1.8   0.07   1550   1549 : LOW_CHARGE :
  122   18.1    8.8   20.6    8.4    0.5    1.8   0.07   1514   1514 : LOW_CHARGE :
  130   26.0    0.0   28.2    0.0    0.0    0.0  -1.00     50    981 : PRECALIB :
  175   26.0    0.0   28.2    0.0    3.8    1.7   0.00   1280   1280 : DEAD_IN_NU :
  233   18.7   21.7   37.2   21.6   -3.1    1.8   0.10   1535   1536 : BAD_SHAPE : LOW_CHARGE :
  276   43.2   28.1   43.2   28.1   -0.9    1.9   0.25   1512   1511 : HIGH_GAIN : HOT_IN_NU : HIGH_CHARGE :
  306   24.9   11.1   26.3   12.3    0.3    1.9   0.99   1365   1364 : LOW_GAIN :
  322   26.0    0.0   28.2    0.0    2.0    1.7   0.00   1353   1353 : DEAD_IN_NU :
  351   26.0    0.0   28.2    0.0   -0.6    1.7   0.07   1528   1529 : LOW_GAIN :
  366   26.0    0.0   28.2    0.0    8.3    3.3   0.00   1191   1024 : DEAD_IN_NU : BAD_HV :
  371   22.0   11.6   25.4   11.4   -0.2    1.9   0.06   1519   1506 : BAD_HV :
  374   26.0    0.0   28.2    0.0   -0.7    1.7   0.00   1710   1711 : DEAD_IN_NU :
  397   24.3   11.9   26.7   11.9   -4.5    1.7   0.07   1761   1740 : BAD_HV :
  416   26.0    0.0   28.2    0.0    1.4    2.1   0.00   1446   1000 : DEAD_IN_NU : BAD_HV :
  448   26.0    0.0   28.2    0.0   -5.3    1.8   0.08   1708   1708 : LOW_GAIN :
  465   26.0    0.0   28.2    0.0    0.7    1.7   0.00   1398   1399 : DEAD_IN_NU :
  485   10.8    9.4   10.8    9.4    2.7    1.9   1.06   1430   1429 : LOW_GAIN : LOW_CHARGE :
  505   14.4   11.7   19.8    9.1   -0.2    1.8   0.05   1530   1530 : LOW_CHARGE :
  515   27.0   15.6   37.1   25.9   -0.4    1.8   8.01   1497   1498 : BAD_SHAPE :
  604   26.0    0.0   28.2    0.0    0.0    0.0  -1.00   1433   1432 : PRECALIB :
  614   26.0    0.0   28.2    0.0   -0.2    1.7   0.05   1523   1522 : LOW_GAIN :
  644   22.9   12.8   33.6   17.5    0.5    2.0   0.05   1455   1455 : BAD_SHAPE :
  651   25.4   11.2   35.5   27.6   -2.8    1.8   3.09   1591   1591 : BAD_SHAPE :
  654   26.0    0.0   28.2    0.0   -0.2    1.6   0.39   1518   1518 : DEAD_IN_NU :
  676   26.0    0.0   28.2    0.0    5.3    1.4   0.00   1318   1318 : DEAD_IN_NU :
  682   12.3    4.1   12.3    4.1    0.8    1.7   0.04   1450   1450 : LOW_CHARGE :
  683   14.2    4.9   14.2    4.9   -1.7    1.9   0.07   1500   1500 : LOW_CHARGE :
  719   26.0    0.0   28.2    0.0    0.0    0.0  -1.00   1580   1060 : BAD_HV :
  792   15.5    8.9   20.0   10.0    1.4    1.9   0.21   1600   1600 : LOW_CHARGE :
  855   26.0    0.0   28.2    0.0    1.3    2.0   0.00   1412   1413 : DEAD_IN_NU :
  870   22.1   17.6   35.7   20.0   -0.2    2.1   0.05   1520   1520 : BAD_SHAPE :
  902   26.0    0.0   28.2    0.0   -1.0    1.9   0.00   1410   1409 : PRECALIB :
  979   21.8   17.2   35.1   19.2    1.6    2.0   0.29   1345   1346 : BAD_SHAPE :
  984   26.0    0.0   28.2    0.0   -0.4    2.1   0.00   1482   1483 : DEAD_IN_NU :
  985   13.6    4.9   13.6    4.9   -3.2    2.3   0.04   1585   1585 : LOW_CHARGE :
  998   30.9   11.5   32.3   13.0    2.7    2.0   0.30   1330   1330 : HIGH_CHARGE :
 1016    6.4    1.8    6.4    1.8   -2.3    1.8   9.04   1611   1611 : LOW_GAIN : LOW_CHARGE :
 1027   16.1    7.0   18.0    9.1   -6.9    1.6   0.17   1900   1900 : LOW_CHARGE :
 1037   17.3   14.0   17.3   14.0    1.4    3.6   4.76   1445   1446 : LOW_CHARGE :
 1055   26.0    0.0   28.2    0.0    0.5    2.0   0.00   1418   1419 : DEAD_IN_NU :
 1063   13.7    7.0   18.7    8.4    6.2    1.8   0.05   1359   1359 : LOW_CHARGE :
 1100   26.0    0.0   28.2    0.0    2.8    2.2   0.28   1363   1363 : DEAD_IN_NU :
 1119   25.2   29.5   40.8   22.6   -0.7    2.0   0.07   1467   1467 : BAD_SHAPE :
 1153   24.8   17.1   35.5   26.8    0.9    1.8   3.37   1459   1459 : BAD_SHAPE :
 1167   26.0    0.0   28.2    0.0    4.2    1.7   0.05   1237   1238 : LOW_GAIN :
 1190   62.7   25.0   60.8   28.8   -0.1    4.3   0.12   1630   1631 : HIGH_GAIN : HIGH_CHARGE :
 1223   17.4    9.2   19.9    7.9    1.5    1.7   0.05   1391   1391 : LOW_CHARGE :
 1306   26.0    0.0   28.2    0.0    4.8    1.9   0.00   1250   1251 : PRECALIB :
 1323   19.6    8.0   21.0   11.3   -6.3    1.8   0.10   1880   1880 : LOW_CHARGE :
 1326   24.0   13.6   34.4   17.2   -1.1    1.8   0.04   1504   1504 : BAD_SHAPE :
 1347   17.9    7.4   17.9    7.4    0.4    1.8   0.07   1515   1515 : LOW_CHARGE :
 1353   27.0   11.9   25.8   14.5   -1.6    1.8   0.06   1464   1464 : HOT_IN_NU :
 1359   26.9   11.3   25.6   14.2   -3.5    1.8   0.77   1554   1554 : HOT_IN_NU :
 1361   26.3   10.5   24.2   14.5   -6.0    1.7   0.39   1743   1743 : HOT_IN_NU :
 1363   25.4    9.8   23.5   12.0   -2.8    1.7   0.07   1610   1610 : HOT_IN_NU :
 1365   19.0    7.8   21.0    9.1    5.3    1.8   0.07   1265   1265 : LOW_GAIN : HOT_IN_NU : LOW_CHARGE :
 1367   21.5    9.6   26.8   14.2    0.0    2.9   0.05   1448   1448 : LOW_GAIN : HOT_IN_NU :
 1369   26.0    0.0   28.2    0.0    2.4    2.4   0.24   1350   1941 : PRECALIB : BAD_HV :
 1402   26.0   14.6   37.7   20.0   -2.7    1.8   0.06   1527   1527 : BAD_SHAPE :
 1482   23.2   13.3   33.7   16.0    1.3    1.9   0.10   1381   1380 : BAD_SHAPE :
 1531   16.1   14.7   16.1   14.7   -0.3    1.5   8.34   1440   1440 : LOW_CHARGE :
 1537   26.0    0.0   28.2    0.0    2.2    1.6   0.00   1565   1126 : DEAD_IN_NU : BAD_HV :
 1583   23.7    9.9   43.0   38.3    0.9    1.8  12.99   1440   1440 : HIGH_GAIN : BAD_SHAPE :
 1619   12.3    5.0   14.3    4.8    4.2    2.1   0.05   1415   1415 : LOW_CHARGE :
 1693   26.0    0.0   28.2    0.0    2.0    3.3   0.00   1350   1349 : DEAD_IN_NU :
 1762   23.3   17.8   35.8   18.7   -4.0    1.9   0.05   1587   1587 : BAD_SHAPE :
 1769   26.0    0.0   28.2    0.0    5.0    1.7   0.10   1169   1169 : PRECALIB :
 1786   26.0    0.0   28.2    0.0   -3.7    2.0   6.08   1598   1598 : PRECALIB :
 1821   18.5    8.0   20.3    8.1    0.1    2.0   0.04   1468   1469 : LOW_CHARGE :
 1853   26.0    0.0   28.2    0.0    2.5    2.5   0.00   1360   1360 : DEAD_IN_NU :
 1890   26.0    0.0   28.2    0.0   -3.6    1.8   0.00   1683   1684 : DEAD_IN_NU :
 1909   26.0    0.0   28.2    0.0    4.7    2.3   0.00   1460   1461 : DEAD_IN_NU :
 1925   26.0    0.0   28.2    0.0   -0.8    1.8   0.00   1555   1556 : DEAD_IN_NU :
 2022   26.0    0.0   28.2    0.0    0.5    1.8   0.07   1366   1366 : LOW_GAIN :
 2071   20.9    9.9   32.6   17.0    3.5    1.9   0.12   1290   1290 : BAD_SHAPE :
 total: 77
 dump completed.
